Command line invocation:
    /Applications/Xcode.app/Contents/Developer/usr/bin/xcodebuild -scheme FinanceTracker -destination "platform=iOS Simulator,name=iPhone 17 Pro" -derivedDataPath ./build clean build

2025-12-16 02:55:41.278 xcodebuild[14409:261552] [MT] IDERunDestination: Supported platforms for the buildables in the current scheme is empty.
CreateBuildRequest

SendProjectDescription

CreateBuildOperation

** CLEAN SUCCEEDED **

ComputePackagePrebuildTargetDependencyGraph

Prepare packages

CreateBuildRequest

SendProjectDescription

CreateBuildOperation

ComputeTargetDependencyGraph
note: Building targets in dependency order
note: Target dependency graph (1 target)
    Target 'FinanceTracker' in project 'FinanceTracker' (no dependencies)

GatherProvisioningInputs

CreateBuildDescription

ExecuteExternalTool /Applications/Xcode.app/Contents/Developer/Toolchains/XcodeDefault.xctoolchain/usr/bin/clang -v -E -dM -isysroot /Applications/Xcode.app/Contents/Developer/Platforms/iPhoneSimulator.platform/Developer/SDKs/iPhoneSimulator26.2.sdk -x c -c /dev/null

ExecuteExternalTool /Applications/Xcode.app/Contents/Developer/usr/bin/ibtool --version --output-format xml1

ExecuteExternalTool /Applications/Xcode.app/Contents/Developer/usr/bin/momc --dry-run --action generate --swift-version 5.0 --sdkroot /Applications/Xcode.app/Contents/Developer/Platforms/iPhoneSimulator.platform/Developer/SDKs/iPhoneSimulator26.2.sdk --iphonesimulator-deployment-target 26.2 --module FinanceTracker /Users/davidwu/Documents/FinanceTracker/FinanceTracker/FinanceTracker.xcdatamodeld /Users/davidwu/Documents/FinanceTracker/build/Build/Intermediates.noindex/FinanceTracker.build/Debug-iphonesimulator/FinanceTracker.build/DerivedSources/CoreDataGenerated/FinanceTracker

ExecuteExternalTool /Applications/Xcode.app/Contents/Developer/usr/bin/actool --print-asset-tag-combinations --output-format xml1 /Users/davidwu/Documents/FinanceTracker/FinanceTracker/Assets.xcassets

ExecuteExternalTool /Applications/Xcode.app/Contents/Developer/usr/bin/actool --version --output-format xml1

ExecuteExternalTool /Applications/Xcode.app/Contents/Developer/Toolchains/XcodeDefault.xctoolchain/usr/bin/swiftc --version

ExecuteExternalTool /Applications/Xcode.app/Contents/Developer/Toolchains/XcodeDefault.xctoolchain/usr/bin/ld -version_details

Build description signature: 86c2d6e5024baa2adcf46b6328216c6a
Build description path: /Users/davidwu/Documents/FinanceTracker/build/Build/Intermediates.noindex/XCBuildData/86c2d6e5024baa2adcf46b6328216c6a.xcbuilddata
ClangStatCache /Applications/Xcode.app/Contents/Developer/Toolchains/XcodeDefault.xctoolchain/usr/bin/clang-stat-cache /Applications/Xcode.app/Contents/Developer/Platforms/iPhoneSimulator.platform/Developer/SDKs/iPhoneSimulator26.2.sdk /Users/davidwu/Documents/FinanceTracker/build/SDKStatCaches.noindex/iphonesimulator26.2-23C53-7d00a8b37fbd7999ea79df8ebc024bf0.sdkstatcache
    cd /Users/davidwu/Documents/FinanceTracker/FinanceTracker.xcodeproj
    /Applications/Xcode.app/Contents/Developer/Toolchains/XcodeDefault.xctoolchain/usr/bin/clang-stat-cache /Applications/Xcode.app/Contents/Developer/Platforms/iPhoneSimulator.platform/Developer/SDKs/iPhoneSimulator26.2.sdk -o /Users/davidwu/Documents/FinanceTracker/build/SDKStatCaches.noindex/iphonesimulator26.2-23C53-7d00a8b37fbd7999ea79df8ebc024bf0.sdkstatcache

CreateBuildDirectory /Users/davidwu/Documents/FinanceTracker/build/Build/Intermediates.noindex
    cd /Users/davidwu/Documents/FinanceTracker/FinanceTracker.xcodeproj
    builtin-create-build-directory /Users/davidwu/Documents/FinanceTracker/build/Build/Intermediates.noindex

CreateBuildDirectory /Users/davidwu/Documents/FinanceTracker/build/Build/Products
    cd /Users/davidwu/Documents/FinanceTracker/FinanceTracker.xcodeproj
    builtin-create-build-directory /Users/davidwu/Documents/FinanceTracker/build/Build/Products

CreateBuildDirectory /Users/davidwu/Documents/FinanceTracker/build/Build/Intermediates.noindex/ExplicitPrecompiledModules
    cd /Users/davidwu/Documents/FinanceTracker/FinanceTracker.xcodeproj
    builtin-create-build-directory /Users/davidwu/Documents/FinanceTracker/build/Build/Intermediates.noindex/ExplicitPrecompiledModules

CreateBuildDirectory /Users/davidwu/Documents/FinanceTracker/build/Build/Intermediates.noindex/SwiftExplicitPrecompiledModules
    cd /Users/davidwu/Documents/FinanceTracker/FinanceTracker.xcodeproj
    builtin-create-build-directory /Users/davidwu/Documents/FinanceTracker/build/Build/Intermediates.noindex/SwiftExplicitPrecompiledModules

CreateBuildDirectory /Users/davidwu/Documents/FinanceTracker/build/Build/Intermediates.noindex/EagerLinkingTBDs/Debug-iphonesimulator
    cd /Users/davidwu/Documents/FinanceTracker/FinanceTracker.xcodeproj
    builtin-create-build-directory /Users/davidwu/Documents/FinanceTracker/build/Build/Intermediates.noindex/EagerLinkingTBDs/Debug-iphonesimulator

CreateBuildDirectory /Users/davidwu/Documents/FinanceTracker/build/Build/Products/Debug-iphonesimulator
    cd /Users/davidwu/Documents/FinanceTracker/FinanceTracker.xcodeproj
    builtin-create-build-directory /Users/davidwu/Documents/FinanceTracker/build/Build/Products/Debug-iphonesimulator

WriteAuxiliaryFile /Users/davidwu/Documents/FinanceTracker/build/Build/Intermediates.noindex/FinanceTracker.build/Debug-iphonesimulator/FinanceTracker-9851b28ff07f43a2131dd5e470caf966-VFS-iphonesimulator/all-product-headers.yaml
    cd /Users/davidwu/Documents/FinanceTracker/FinanceTracker.xcodeproj
    write-file /Users/davidwu/Documents/FinanceTracker/build/Build/Intermediates.noindex/FinanceTracker.build/Debug-iphonesimulator/FinanceTracker-9851b28ff07f43a2131dd5e470caf966-VFS-iphonesimulator/all-product-headers.yaml

WriteAuxiliaryFile /Users/davidwu/Documents/FinanceTracker/build/Build/Intermediates.noindex/FinanceTracker.build/Debug-iphonesimulator/FinanceTracker.build/FinanceTracker-own-target-headers.hmap (in target 'FinanceTracker' from project 'FinanceTracker')
    cd /Users/davidwu/Documents/FinanceTracker
    write-file /Users/davidwu/Documents/FinanceTracker/build/Build/Intermediates.noindex/FinanceTracker.build/Debug-iphonesimulator/FinanceTracker.build/FinanceTracker-own-target-headers.hmap

WriteAuxiliaryFile /Users/davidwu/Documents/FinanceTracker/build/Build/Intermediates.noindex/FinanceTracker.build/Debug-iphonesimulator/FinanceTracker.build/FinanceTracker-generated-files.hmap (in target 'FinanceTracker' from project 'FinanceTracker')
    cd /Users/davidwu/Documents/FinanceTracker
    write-file /Users/davidwu/Documents/FinanceTracker/build/Build/Intermediates.noindex/FinanceTracker.build/Debug-iphonesimulator/FinanceTracker.build/FinanceTracker-generated-files.hmap

WriteAuxiliaryFile /Users/davidwu/Documents/FinanceTracker/build/Build/Intermediates.noindex/FinanceTracker.build/Debug-iphonesimulator/FinanceTracker.build/FinanceTracker-project-headers.hmap (in target 'FinanceTracker' from project 'FinanceTracker')
    cd /Users/davidwu/Documents/FinanceTracker
    write-file /Users/davidwu/Documents/FinanceTracker/build/Build/Intermediates.noindex/FinanceTracker.build/Debug-iphonesimulator/FinanceTracker.build/FinanceTracker-project-headers.hmap

WriteAuxiliaryFile /Users/davidwu/Documents/FinanceTracker/build/Build/Intermediates.noindex/FinanceTracker.build/Debug-iphonesimulator/FinanceTracker.build/FinanceTracker-all-target-headers.hmap (in target 'FinanceTracker' from project 'FinanceTracker')
    cd /Users/davidwu/Documents/FinanceTracker
    write-file /Users/davidwu/Documents/FinanceTracker/build/Build/Intermediates.noindex/FinanceTracker.build/Debug-iphonesimulator/FinanceTracker.build/FinanceTracker-all-target-headers.hmap

WriteAuxiliaryFile /Users/davidwu/Documents/FinanceTracker/build/Build/Intermediates.noindex/FinanceTracker.build/Debug-iphonesimulator/FinanceTracker.build/FinanceTracker.hmap (in target 'FinanceTracker' from project 'FinanceTracker')
    cd /Users/davidwu/Documents/FinanceTracker
    write-file /Users/davidwu/Documents/FinanceTracker/build/Build/Intermediates.noindex/FinanceTracker.build/Debug-iphonesimulator/FinanceTracker.build/FinanceTracker.hmap

WriteAuxiliaryFile /Users/davidwu/Documents/FinanceTracker/build/Build/Intermediates.noindex/FinanceTracker.build/Debug-iphonesimulator/FinanceTracker.build/Objects-normal/arm64/FinanceTracker_const_extract_protocols.json (in target 'FinanceTracker' from project 'FinanceTracker')
    cd /Users/davidwu/Documents/FinanceTracker
    write-file /Users/davidwu/Documents/FinanceTracker/build/Build/Intermediates.noindex/FinanceTracker.build/Debug-iphonesimulator/FinanceTracker.build/Objects-normal/arm64/FinanceTracker_const_extract_protocols.json

WriteAuxiliaryFile /Users/davidwu/Documents/FinanceTracker/build/Build/Intermediates.noindex/FinanceTracker.build/Debug-iphonesimulator/FinanceTracker.build/Objects-normal/arm64/FinanceTracker-OutputFileMap.json (in target 'FinanceTracker' from project 'FinanceTracker')
    cd /Users/davidwu/Documents/FinanceTracker
    write-file /Users/davidwu/Documents/FinanceTracker/build/Build/Intermediates.noindex/FinanceTracker.build/Debug-iphonesimulator/FinanceTracker.build/Objects-normal/arm64/FinanceTracker-OutputFileMap.json

WriteAuxiliaryFile /Users/davidwu/Documents/FinanceTracker/build/Build/Intermediates.noindex/FinanceTracker.build/Debug-iphonesimulator/FinanceTracker.build/Objects-normal/arm64/FinanceTracker.SwiftFileList (in target 'FinanceTracker' from project 'FinanceTracker')
    cd /Users/davidwu/Documents/FinanceTracker
    write-file /Users/davidwu/Documents/FinanceTracker/build/Build/Intermediates.noindex/FinanceTracker.build/Debug-iphonesimulator/FinanceTracker.build/Objects-normal/arm64/FinanceTracker.SwiftFileList

WriteAuxiliaryFile /Users/davidwu/Documents/FinanceTracker/build/Build/Intermediates.noindex/FinanceTracker.build/Debug-iphonesimulator/FinanceTracker.build/Objects-normal/arm64/FinanceTracker.SwiftConstValuesFileList (in target 'FinanceTracker' from project 'FinanceTracker')
    cd /Users/davidwu/Documents/FinanceTracker
    write-file /Users/davidwu/Documents/FinanceTracker/build/Build/Intermediates.noindex/FinanceTracker.build/Debug-iphonesimulator/FinanceTracker.build/Objects-normal/arm64/FinanceTracker.SwiftConstValuesFileList

WriteAuxiliaryFile /Users/davidwu/Documents/FinanceTracker/build/Build/Intermediates.noindex/FinanceTracker.build/Debug-iphonesimulator/FinanceTracker.build/Objects-normal/arm64/FinanceTracker.LinkFileList (in target 'FinanceTracker' from project 'FinanceTracker')
    cd /Users/davidwu/Documents/FinanceTracker
    write-file /Users/davidwu/Documents/FinanceTracker/build/Build/Intermediates.noindex/FinanceTracker.build/Debug-iphonesimulator/FinanceTracker.build/Objects-normal/arm64/FinanceTracker.LinkFileList

WriteAuxiliaryFile /Users/davidwu/Documents/FinanceTracker/build/Build/Intermediates.noindex/FinanceTracker.build/Debug-iphonesimulator/FinanceTracker.build/FinanceTracker.DependencyStaticMetadataFileList (in target 'FinanceTracker' from project 'FinanceTracker')
    cd /Users/davidwu/Documents/FinanceTracker
    write-file /Users/davidwu/Documents/FinanceTracker/build/Build/Intermediates.noindex/FinanceTracker.build/Debug-iphonesimulator/FinanceTracker.build/FinanceTracker.DependencyStaticMetadataFileList

WriteAuxiliaryFile /Users/davidwu/Documents/FinanceTracker/build/Build/Intermediates.noindex/FinanceTracker.build/Debug-iphonesimulator/FinanceTracker.build/FinanceTracker.DependencyMetadataFileList (in target 'FinanceTracker' from project 'FinanceTracker')
    cd /Users/davidwu/Documents/FinanceTracker
    write-file /Users/davidwu/Documents/FinanceTracker/build/Build/Intermediates.noindex/FinanceTracker.build/Debug-iphonesimulator/FinanceTracker.build/FinanceTracker.DependencyMetadataFileList

WriteAuxiliaryFile /Users/davidwu/Documents/FinanceTracker/build/Build/Intermediates.noindex/FinanceTracker.build/Debug-iphonesimulator/FinanceTracker.build/FinanceTracker-all-non-framework-target-headers.hmap (in target 'FinanceTracker' from project 'FinanceTracker')
    cd /Users/davidwu/Documents/FinanceTracker
    write-file /Users/davidwu/Documents/FinanceTracker/build/Build/Intermediates.noindex/FinanceTracker.build/Debug-iphonesimulator/FinanceTracker.build/FinanceTracker-all-non-framework-target-headers.hmap

WriteAuxiliaryFile /Users/davidwu/Documents/FinanceTracker/build/Build/Intermediates.noindex/FinanceTracker.build/Debug-iphonesimulator/FinanceTracker.build/FinanceTracker-DebugDylibPath-normal-arm64.txt (in target 'FinanceTracker' from project 'FinanceTracker')
    cd /Users/davidwu/Documents/FinanceTracker
    write-file /Users/davidwu/Documents/FinanceTracker/build/Build/Intermediates.noindex/FinanceTracker.build/Debug-iphonesimulator/FinanceTracker.build/FinanceTracker-DebugDylibPath-normal-arm64.txt

WriteAuxiliaryFile /Users/davidwu/Documents/FinanceTracker/build/Build/Intermediates.noindex/FinanceTracker.build/Debug-iphonesimulator/FinanceTracker.build/FinanceTracker-DebugDylibInstallName-normal-arm64.txt (in target 'FinanceTracker' from project 'FinanceTracker')
    cd /Users/davidwu/Documents/FinanceTracker
    write-file /Users/davidwu/Documents/FinanceTracker/build/Build/Intermediates.noindex/FinanceTracker.build/Debug-iphonesimulator/FinanceTracker.build/FinanceTracker-DebugDylibInstallName-normal-arm64.txt

WriteAuxiliaryFile /Users/davidwu/Documents/FinanceTracker/build/Build/Intermediates.noindex/FinanceTracker.build/Debug-iphonesimulator/FinanceTracker.build/DerivedSources/Entitlements-Simulated.plist (in target 'FinanceTracker' from project 'FinanceTracker')
    cd /Users/davidwu/Documents/FinanceTracker
    write-file /Users/davidwu/Documents/FinanceTracker/build/Build/Intermediates.noindex/FinanceTracker.build/Debug-iphonesimulator/FinanceTracker.build/DerivedSources/Entitlements-Simulated.plist

MkDir /Users/davidwu/Documents/FinanceTracker/build/Build/Products/Debug-iphonesimulator/FinanceTracker.app (in target 'FinanceTracker' from project 'FinanceTracker')
    cd /Users/davidwu/Documents/FinanceTracker
    /bin/mkdir -p /Users/davidwu/Documents/FinanceTracker/build/Build/Products/Debug-iphonesimulator/FinanceTracker.app

ProcessProductPackaging "" /Users/davidwu/Documents/FinanceTracker/build/Build/Intermediates.noindex/FinanceTracker.build/Debug-iphonesimulator/FinanceTracker.build/FinanceTracker.app-Simulated.xcent (in target 'FinanceTracker' from project 'FinanceTracker')
    cd /Users/davidwu/Documents/FinanceTracker
    
    Entitlements:
    
    {
    "application-identifier" = "H6U663Z4ZQ.com.wu.FinanceTracker";
}
    
    builtin-productPackagingUtility -entitlements -format xml -o /Users/davidwu/Documents/FinanceTracker/build/Build/Intermediates.noindex/FinanceTracker.build/Debug-iphonesimulator/FinanceTracker.build/FinanceTracker.app-Simulated.xcent

ProcessProductPackagingDER /Users/davidwu/Documents/FinanceTracker/build/Build/Intermediates.noindex/FinanceTracker.build/Debug-iphonesimulator/FinanceTracker.build/FinanceTracker.app-Simulated.xcent /Users/davidwu/Documents/FinanceTracker/build/Build/Intermediates.noindex/FinanceTracker.build/Debug-iphonesimulator/FinanceTracker.build/FinanceTracker.app-Simulated.xcent.der (in target 'FinanceTracker' from project 'FinanceTracker')
    cd /Users/davidwu/Documents/FinanceTracker
    /usr/bin/derq query -f xml -i /Users/davidwu/Documents/FinanceTracker/build/Build/Intermediates.noindex/FinanceTracker.build/Debug-iphonesimulator/FinanceTracker.build/FinanceTracker.app-Simulated.xcent -o /Users/davidwu/Documents/FinanceTracker/build/Build/Intermediates.noindex/FinanceTracker.build/Debug-iphonesimulator/FinanceTracker.build/FinanceTracker.app-Simulated.xcent.der --raw

Ld /Users/davidwu/Documents/FinanceTracker/build/Build/Products/Debug-iphonesimulator/FinanceTracker.app/__preview.dylib normal (in target 'FinanceTracker' from project 'FinanceTracker')
    cd /Users/davidwu/Documents/FinanceTracker
    /Applications/Xcode.app/Contents/Developer/Toolchains/XcodeDefault.xctoolchain/usr/bin/clang -Xlinker -reproducible -target arm64-apple-ios26.2-simulator -dynamiclib -isysroot /Applications/Xcode.app/Contents/Developer/Platforms/iPhoneSimulator.platform/Developer/SDKs/iPhoneSimulator26.2.sdk -O0 -L/Users/davidwu/Documents/FinanceTracker/build/Build/Products/Debug-iphonesimulator -F/Users/davidwu/Documents/FinanceTracker/build/Build/Products/Debug-iphonesimulator -install_name @rpath/FinanceTracker.debug.dylib -dead_strip -rdynamic -Xlinker -no_deduplicate -Xlinker -objc_abi_version -Xlinker 2 -Xlinker -debug_variant -Xlinker -dependency_info -Xlinker /Users/davidwu/Documents/FinanceTracker/build/Build/Intermediates.noindex/FinanceTracker.build/Debug-iphonesimulator/FinanceTracker.build/Objects-normal/arm64/FinanceTracker_dependency_info.dat -Xlinker -sectcreate -Xlinker __TEXT -Xlinker __entitlements -Xlinker /Users/davidwu/Documents/FinanceTracker/build/Build/Intermediates.noindex/FinanceTracker.build/Debug-iphonesimulator/FinanceTracker.build/FinanceTracker.app-Simulated.xcent -Xlinker -sectcreate -Xlinker __TEXT -Xlinker __ents_der -Xlinker /Users/davidwu/Documents/FinanceTracker/build/Build/Intermediates.noindex/FinanceTracker.build/Debug-iphonesimulator/FinanceTracker.build/FinanceTracker.app-Simulated.xcent.der -Xlinker -no_adhoc_codesign -o /Users/davidwu/Documents/FinanceTracker/build/Build/Products/Debug-iphonesimulator/FinanceTracker.app/__preview.dylib

MkDir /Users/davidwu/Documents/FinanceTracker/build/Build/Intermediates.noindex/FinanceTracker.build/Debug-iphonesimulator/FinanceTracker.build/assetcatalog_output/thinned (in target 'FinanceTracker' from project 'FinanceTracker')
    cd /Users/davidwu/Documents/FinanceTracker
    /bin/mkdir -p /Users/davidwu/Documents/FinanceTracker/build/Build/Intermediates.noindex/FinanceTracker.build/Debug-iphonesimulator/FinanceTracker.build/assetcatalog_output/thinned

MkDir /Users/davidwu/Documents/FinanceTracker/build/Build/Intermediates.noindex/FinanceTracker.build/Debug-iphonesimulator/FinanceTracker.build/assetcatalog_output/unthinned (in target 'FinanceTracker' from project 'FinanceTracker')
    cd /Users/davidwu/Documents/FinanceTracker
    /bin/mkdir -p /Users/davidwu/Documents/FinanceTracker/build/Build/Intermediates.noindex/FinanceTracker.build/Debug-iphonesimulator/FinanceTracker.build/assetcatalog_output/unthinned

GenerateAssetSymbols /Users/davidwu/Documents/FinanceTracker/FinanceTracker/Assets.xcassets (in target 'FinanceTracker' from project 'FinanceTracker')
    cd /Users/davidwu/Documents/FinanceTracker
    /Applications/Xcode.app/Contents/Developer/usr/bin/actool /Users/davidwu/Documents/FinanceTracker/FinanceTracker/Assets.xcassets --compile /Users/davidwu/Documents/FinanceTracker/build/Build/Products/Debug-iphonesimulator/FinanceTracker.app --output-format human-readable-text --notices --warnings --export-dependency-info /Users/davidwu/Documents/FinanceTracker/build/Build/Intermediates.noindex/FinanceTracker.build/Debug-iphonesimulator/FinanceTracker.build/assetcatalog_dependencies --output-partial-info-plist /Users/davidwu/Documents/FinanceTracker/build/Build/Intermediates.noindex/FinanceTracker.build/Debug-iphonesimulator/FinanceTracker.build/assetcatalog_generated_info.plist --app-icon AppIcon --accent-color AccentColor --compress-pngs --enable-on-demand-resources YES --development-region en --target-device iphone --target-device ipad --minimum-deployment-target 26.2 --platform iphonesimulator --bundle-identifier com.wu.FinanceTracker --generate-swift-asset-symbols /Users/davidwu/Documents/FinanceTracker/build/Build/Intermediates.noindex/FinanceTracker.build/Debug-iphonesimulator/FinanceTracker.build/DerivedSources/GeneratedAssetSymbols.swift --generate-objc-asset-symbols /Users/davidwu/Documents/FinanceTracker/build/Build/Intermediates.noindex/FinanceTracker.build/Debug-iphonesimulator/FinanceTracker.build/DerivedSources/GeneratedAssetSymbols.h --generate-asset-symbol-index /Users/davidwu/Documents/FinanceTracker/build/Build/Intermediates.noindex/FinanceTracker.build/Debug-iphonesimulator/FinanceTracker.build/DerivedSources/GeneratedAssetSymbols-Index.plist
/* com.apple.actool.compilation-results */
/Users/davidwu/Documents/FinanceTracker/build/Build/Intermediates.noindex/FinanceTracker.build/Debug-iphonesimulator/FinanceTracker.build/DerivedSources/GeneratedAssetSymbols-Index.plist
/Users/davidwu/Documents/FinanceTracker/build/Build/Intermediates.noindex/FinanceTracker.build/Debug-iphonesimulator/FinanceTracker.build/DerivedSources/GeneratedAssetSymbols.h
/Users/davidwu/Documents/FinanceTracker/build/Build/Intermediates.noindex/FinanceTracker.build/Debug-iphonesimulator/FinanceTracker.build/DerivedSources/GeneratedAssetSymbols.swift


DataModelCompile /Users/davidwu/Documents/FinanceTracker/build/Build/Products/Debug-iphonesimulator/FinanceTracker.app/ /Users/davidwu/Documents/FinanceTracker/FinanceTracker/FinanceTracker.xcdatamodeld (in target 'FinanceTracker' from project 'FinanceTracker')
    cd /Users/davidwu/Documents/FinanceTracker
    /Applications/Xcode.app/Contents/Developer/usr/bin/momc --sdkroot /Applications/Xcode.app/Contents/Developer/Platforms/iPhoneSimulator.platform/Developer/SDKs/iPhoneSimulator26.2.sdk --iphonesimulator-deployment-target 26.2 --module FinanceTracker /Users/davidwu/Documents/FinanceTracker/FinanceTracker/FinanceTracker.xcdatamodeld /Users/davidwu/Documents/FinanceTracker/build/Build/Products/Debug-iphonesimulator/FinanceTracker.app/
FinanceTracker.xcdatamodel: note: Model FinanceTracker version checksum: QvXtP9DOD8Ak7VbN5zseSVfT4dyL3DubwcktITG6KoU=

DataModelCodegen /Users/davidwu/Documents/FinanceTracker/FinanceTracker/FinanceTracker.xcdatamodeld (in target 'FinanceTracker' from project 'FinanceTracker')
    cd /Users/davidwu/Documents/FinanceTracker
    /Applications/Xcode.app/Contents/Developer/usr/bin/momc --action generate --swift-version 5.0 --sdkroot /Applications/Xcode.app/Contents/Developer/Platforms/iPhoneSimulator.platform/Developer/SDKs/iPhoneSimulator26.2.sdk --iphonesimulator-deployment-target 26.2 --module FinanceTracker /Users/davidwu/Documents/FinanceTracker/FinanceTracker/FinanceTracker.xcdatamodeld /Users/davidwu/Documents/FinanceTracker/build/Build/Intermediates.noindex/FinanceTracker.build/Debug-iphonesimulator/FinanceTracker.build/DerivedSources/CoreDataGenerated/FinanceTracker

CompileStoryboard /Users/davidwu/Documents/FinanceTracker/FinanceTracker/Base.lproj/LaunchScreen.storyboard (in target 'FinanceTracker' from project 'FinanceTracker')
    cd /Users/davidwu/Documents/FinanceTracker
    /Applications/Xcode.app/Contents/Developer/usr/bin/ibtool --errors --warnings --notices --module FinanceTracker --output-partial-info-plist /Users/davidwu/Documents/FinanceTracker/build/Build/Intermediates.noindex/FinanceTracker.build/Debug-iphonesimulator/FinanceTracker.build/Base.lproj/LaunchScreen-SBPartialInfo.plist --auto-activate-custom-fonts --target-device iphone --target-device ipad --minimum-deployment-target 26.2 --output-format human-readable-text /Users/davidwu/Documents/FinanceTracker/FinanceTracker/Base.lproj/LaunchScreen.storyboard --compilation-directory /Users/davidwu/Documents/FinanceTracker/build/Build/Intermediates.noindex/FinanceTracker.build/Debug-iphonesimulator/FinanceTracker.build/Base.lproj

CompileAssetCatalogVariant thinned /Users/davidwu/Documents/FinanceTracker/build/Build/Products/Debug-iphonesimulator/FinanceTracker.app /Users/davidwu/Documents/FinanceTracker/FinanceTracker/Assets.xcassets (in target 'FinanceTracker' from project 'FinanceTracker')
    cd /Users/davidwu/Documents/FinanceTracker
    /Applications/Xcode.app/Contents/Developer/usr/bin/actool /Users/davidwu/Documents/FinanceTracker/FinanceTracker/Assets.xcassets --compile /Users/davidwu/Documents/FinanceTracker/build/Build/Intermediates.noindex/FinanceTracker.build/Debug-iphonesimulator/FinanceTracker.build/assetcatalog_output/thinned --output-format human-readable-text --notices --warnings --export-dependency-info /Users/davidwu/Documents/FinanceTracker/build/Build/Intermediates.noindex/FinanceTracker.build/Debug-iphonesimulator/FinanceTracker.build/assetcatalog_dependencies_thinned --output-partial-info-plist /Users/davidwu/Documents/FinanceTracker/build/Build/Intermediates.noindex/FinanceTracker.build/Debug-iphonesimulator/FinanceTracker.build/assetcatalog_generated_info.plist_thinned --app-icon AppIcon --accent-color AccentColor --compress-pngs --enable-on-demand-resources YES --filter-for-thinning-device-configuration iPhone18,1 --filter-for-device-os-version 26.2 --development-region en --target-device iphone --target-device ipad --minimum-deployment-target 26.2 --platform iphonesimulator
/* com.apple.actool.compilation-results */
/Users/davidwu/Documents/FinanceTracker/build/Build/Intermediates.noindex/FinanceTracker.build/Debug-iphonesimulator/FinanceTracker.build/assetcatalog_generated_info.plist_thinned


LinkAssetCatalog /Users/davidwu/Documents/FinanceTracker/FinanceTracker/Assets.xcassets (in target 'FinanceTracker' from project 'FinanceTracker')
    cd /Users/davidwu/Documents/FinanceTracker
    builtin-linkAssetCatalog --thinned /Users/davidwu/Documents/FinanceTracker/build/Build/Intermediates.noindex/FinanceTracker.build/Debug-iphonesimulator/FinanceTracker.build/assetcatalog_output/thinned --thinned-dependencies /Users/davidwu/Documents/FinanceTracker/build/Build/Intermediates.noindex/FinanceTracker.build/Debug-iphonesimulator/FinanceTracker.build/assetcatalog_dependencies_thinned --thinned-info-plist-content /Users/davidwu/Documents/FinanceTracker/build/Build/Intermediates.noindex/FinanceTracker.build/Debug-iphonesimulator/FinanceTracker.build/assetcatalog_generated_info.plist_thinned --unthinned /Users/davidwu/Documents/FinanceTracker/build/Build/Intermediates.noindex/FinanceTracker.build/Debug-iphonesimulator/FinanceTracker.build/assetcatalog_output/unthinned --unthinned-dependencies /Users/davidwu/Documents/FinanceTracker/build/Build/Intermediates.noindex/FinanceTracker.build/Debug-iphonesimulator/FinanceTracker.build/assetcatalog_dependencies_unthinned --unthinned-info-plist-content /Users/davidwu/Documents/FinanceTracker/build/Build/Intermediates.noindex/FinanceTracker.build/Debug-iphonesimulator/FinanceTracker.build/assetcatalog_generated_info.plist_unthinned --output /Users/davidwu/Documents/FinanceTracker/build/Build/Products/Debug-iphonesimulator/FinanceTracker.app --plist-output /Users/davidwu/Documents/FinanceTracker/build/Build/Intermediates.noindex/FinanceTracker.build/Debug-iphonesimulator/FinanceTracker.build/assetcatalog_generated_info.plist

SwiftDriver FinanceTracker normal arm64 com.apple.xcode.tools.swift.compiler (in target 'FinanceTracker' from project 'FinanceTracker')
    cd /Users/davidwu/Documents/FinanceTracker
    builtin-SwiftDriver -- /Applications/Xcode.app/Contents/Developer/Toolchains/XcodeDefault.xctoolchain/usr/bin/swiftc -module-name FinanceTracker -Onone -enforce-exclusivity\=checked @/Users/davidwu/Documents/FinanceTracker/build/Build/Intermediates.noindex/FinanceTracker.build/Debug-iphonesimulator/FinanceTracker.build/Objects-normal/arm64/FinanceTracker.SwiftFileList -DDEBUG -default-isolation\=MainActor -enable-bare-slash-regex -enable-upcoming-feature DisableOutwardActorInference -enable-upcoming-feature InferSendableFromCaptures -enable-upcoming-feature GlobalActorIsolatedTypesUsability -enable-upcoming-feature MemberImportVisibility -enable-upcoming-feature InferIsolatedConformances -enable-upcoming-feature NonisolatedNonsendingByDefault -enable-experimental-feature DebugDescriptionMacro -sdk /Applications/Xcode.app/Contents/Developer/Platforms/iPhoneSimulator.platform/Developer/SDKs/iPhoneSimulator26.2.sdk -target arm64-apple-ios26.2-simulator -g -module-cache-path /Users/davidwu/Documents/FinanceTracker/build/ModuleCache.noindex -Xfrontend -serialize-debugging-options -profile-coverage-mapping -profile-generate -enable-testing -index-store-path /Users/davidwu/Documents/FinanceTracker/build/Index.noindex/DataStore -Xcc -D_LIBCPP_HARDENING_MODE\=_LIBCPP_HARDENING_MODE_DEBUG -swift-version 5 -I /Users/davidwu/Documents/FinanceTracker/build/Build/Products/Debug-iphonesimulator -F /Users/davidwu/Documents/FinanceTracker/build/Build/Products/Debug-iphonesimulator -emit-localized-strings -emit-localized-strings-path /Users/davidwu/Documents/FinanceTracker/build/Build/Intermediates.noindex/FinanceTracker.build/Debug-iphonesimulator/FinanceTracker.build/Objects-normal/arm64 -c -j8 -enable-batch-mode -incremental -Xcc -ivfsstatcache -Xcc /Users/davidwu/Documents/FinanceTracker/build/SDKStatCaches.noindex/iphonesimulator26.2-23C53-7d00a8b37fbd7999ea79df8ebc024bf0.sdkstatcache -output-file-map /Users/davidwu/Documents/FinanceTracker/build/Build/Intermediates.noindex/FinanceTracker.build/Debug-iphonesimulator/FinanceTracker.build/Objects-normal/arm64/FinanceTracker-OutputFileMap.json -use-frontend-parseable-output -save-temps -no-color-diagnostics -explicit-module-build -module-cache-path /Users/davidwu/Documents/FinanceTracker/build/Build/Intermediates.noindex/SwiftExplicitPrecompiledModules -clang-scanner-module-cache-path /Users/davidwu/Documents/FinanceTracker/build/ModuleCache.noindex -sdk-module-cache-path /Users/davidwu/Documents/FinanceTracker/build/ModuleCache.noindex -serialize-diagnostics -emit-dependencies -emit-module -emit-module-path /Users/davidwu/Documents/FinanceTracker/build/Build/Intermediates.noindex/FinanceTracker.build/Debug-iphonesimulator/FinanceTracker.build/Objects-normal/arm64/FinanceTracker.swiftmodule -validate-clang-modules-once -clang-build-session-file /Users/davidwu/Documents/FinanceTracker/build/ModuleCache.noindex/Session.modulevalidation -Xcc -I/Users/davidwu/Documents/FinanceTracker/build/Build/Intermediates.noindex/FinanceTracker.build/Debug-iphonesimulator/FinanceTracker.build/swift-overrides.hmap -emit-const-values -Xfrontend -const-gather-protocols-file -Xfrontend /Users/davidwu/Documents/FinanceTracker/build/Build/Intermediates.noindex/FinanceTracker.build/Debug-iphonesimulator/FinanceTracker.build/Objects-normal/arm64/FinanceTracker_const_extract_protocols.json -Xcc -iquote -Xcc /Users/davidwu/Documents/FinanceTracker/build/Build/Intermediates.noindex/FinanceTracker.build/Debug-iphonesimulator/FinanceTracker.build/FinanceTracker-generated-files.hmap -Xcc -I/Users/davidwu/Documents/FinanceTracker/build/Build/Intermediates.noindex/FinanceTracker.build/Debug-iphonesimulator/FinanceTracker.build/FinanceTracker-own-target-headers.hmap -Xcc -I/Users/davidwu/Documents/FinanceTracker/build/Build/Intermediates.noindex/FinanceTracker.build/Debug-iphonesimulator/FinanceTracker.build/FinanceTracker-all-target-headers.hmap -Xcc -iquote -Xcc /Users/davidwu/Documents/FinanceTracker/build/Build/Intermediates.noindex/FinanceTracker.build/Debug-iphonesimulator/FinanceTracker.build/FinanceTracker-project-headers.hmap -Xcc -I/Users/davidwu/Documents/FinanceTracker/build/Build/Products/Debug-iphonesimulator/include -Xcc -I/Users/davidwu/Documents/FinanceTracker/build/Build/Intermediates.noindex/FinanceTracker.build/Debug-iphonesimulator/FinanceTracker.build/DerivedSources-normal/arm64 -Xcc -I/Users/davidwu/Documents/FinanceTracker/build/Build/Intermediates.noindex/FinanceTracker.build/Debug-iphonesimulator/FinanceTracker.build/DerivedSources/arm64 -Xcc -I/Users/davidwu/Documents/FinanceTracker/build/Build/Intermediates.noindex/FinanceTracker.build/Debug-iphonesimulator/FinanceTracker.build/DerivedSources -Xcc -DDEBUG\=1 -emit-objc-header -emit-objc-header-path /Users/davidwu/Documents/FinanceTracker/build/Build/Intermediates.noindex/FinanceTracker.build/Debug-iphonesimulator/FinanceTracker.build/Objects-normal/arm64/FinanceTracker-Swift.h -working-directory /Users/davidwu/Documents/FinanceTracker -experimental-emit-module-separately -disable-cmo

SwiftCompile normal arm64 Compiling\ CategoryEntity+CoreDataProperties.swift,\ RecurringTransactionEntity+CoreDataClass.swift,\ RecurringTransactionEntity+CoreDataProperties.swift /Users/davidwu/Documents/FinanceTracker/build/Build/Intermediates.noindex/FinanceTracker.build/Debug-iphonesimulator/FinanceTracker.build/DerivedSources/CoreDataGenerated/FinanceTracker/CategoryEntity+CoreDataProperties.swift /Users/davidwu/Documents/FinanceTracker/build/Build/Intermediates.noindex/FinanceTracker.build/Debug-iphonesimulator/FinanceTracker.build/DerivedSources/CoreDataGenerated/FinanceTracker/RecurringTransactionEntity+CoreDataClass.swift /Users/davidwu/Documents/FinanceTracker/build/Build/Intermediates.noindex/FinanceTracker.build/Debug-iphonesimulator/FinanceTracker.build/DerivedSources/CoreDataGenerated/FinanceTracker/RecurringTransactionEntity+CoreDataProperties.swift (in target 'FinanceTracker' from project 'FinanceTracker')

SwiftCompile normal arm64 /Users/davidwu/Documents/FinanceTracker/build/Build/Intermediates.noindex/FinanceTracker.build/Debug-iphonesimulator/FinanceTracker.build/DerivedSources/CoreDataGenerated/FinanceTracker/CategoryEntity+CoreDataProperties.swift (in target 'FinanceTracker' from project 'FinanceTracker')
    cd /Users/davidwu/Documents/FinanceTracker
    

SwiftCompile normal arm64 /Users/davidwu/Documents/FinanceTracker/build/Build/Intermediates.noindex/FinanceTracker.build/Debug-iphonesimulator/FinanceTracker.build/DerivedSources/CoreDataGenerated/FinanceTracker/RecurringTransactionEntity+CoreDataClass.swift (in target 'FinanceTracker' from project 'FinanceTracker')
    cd /Users/davidwu/Documents/FinanceTracker
    

SwiftCompile normal arm64 /Users/davidwu/Documents/FinanceTracker/build/Build/Intermediates.noindex/FinanceTracker.build/Debug-iphonesimulator/FinanceTracker.build/DerivedSources/CoreDataGenerated/FinanceTracker/RecurringTransactionEntity+CoreDataProperties.swift (in target 'FinanceTracker' from project 'FinanceTracker')
    cd /Users/davidwu/Documents/FinanceTracker
    

SwiftCompile normal arm64 Compiling\ TransactionEntity+CoreDataProperties.swift,\ FinanceTracker+CoreDataModel.swift,\ GeneratedAssetSymbols.swift /Users/davidwu/Documents/FinanceTracker/build/Build/Intermediates.noindex/FinanceTracker.build/Debug-iphonesimulator/FinanceTracker.build/DerivedSources/CoreDataGenerated/FinanceTracker/TransactionEntity+CoreDataProperties.swift /Users/davidwu/Documents/FinanceTracker/build/Build/Intermediates.noindex/FinanceTracker.build/Debug-iphonesimulator/FinanceTracker.build/DerivedSources/CoreDataGenerated/FinanceTracker/FinanceTracker+CoreDataModel.swift /Users/davidwu/Documents/FinanceTracker/build/Build/Intermediates.noindex/FinanceTracker.build/Debug-iphonesimulator/FinanceTracker.build/DerivedSources/GeneratedAssetSymbols.swift (in target 'FinanceTracker' from project 'FinanceTracker')

SwiftCompile normal arm64 /Users/davidwu/Documents/FinanceTracker/build/Build/Intermediates.noindex/FinanceTracker.build/Debug-iphonesimulator/FinanceTracker.build/DerivedSources/CoreDataGenerated/FinanceTracker/TransactionEntity+CoreDataProperties.swift (in target 'FinanceTracker' from project 'FinanceTracker')
    cd /Users/davidwu/Documents/FinanceTracker
    

SwiftCompile normal arm64 /Users/davidwu/Documents/FinanceTracker/build/Build/Intermediates.noindex/FinanceTracker.build/Debug-iphonesimulator/FinanceTracker.build/DerivedSources/CoreDataGenerated/FinanceTracker/FinanceTracker+CoreDataModel.swift (in target 'FinanceTracker' from project 'FinanceTracker')
    cd /Users/davidwu/Documents/FinanceTracker
    

SwiftCompile normal arm64 /Users/davidwu/Documents/FinanceTracker/build/Build/Intermediates.noindex/FinanceTracker.build/Debug-iphonesimulator/FinanceTracker.build/DerivedSources/GeneratedAssetSymbols.swift (in target 'FinanceTracker' from project 'FinanceTracker')
    cd /Users/davidwu/Documents/FinanceTracker
    

SwiftEmitModule normal arm64 Emitting\ module\ for\ FinanceTracker (in target 'FinanceTracker' from project 'FinanceTracker')

EmitSwiftModule normal arm64 (in target 'FinanceTracker' from project 'FinanceTracker')
    cd /Users/davidwu/Documents/FinanceTracker
    

SwiftCompile normal arm64 Compiling\ HomeView.swift,\ LoginView.swift,\ Models.swift,\ OnboardingView.swift /Users/davidwu/Documents/FinanceTracker/FinanceTracker/HomeView.swift /Users/davidwu/Documents/FinanceTracker/FinanceTracker/LoginView.swift /Users/davidwu/Documents/FinanceTracker/FinanceTracker/Models.swift /Users/davidwu/Documents/FinanceTracker/FinanceTracker/OnboardingView.swift (in target 'FinanceTracker' from project 'FinanceTracker')
SwiftCompile normal arm64 /Users/davidwu/Documents/FinanceTracker/FinanceTracker/HomeView.swift (in target 'FinanceTracker' from project 'FinanceTracker')
    cd /Users/davidwu/Documents/FinanceTracker
    

SwiftCompile normal arm64 /Users/davidwu/Documents/FinanceTracker/FinanceTracker/LoginView.swift (in target 'FinanceTracker' from project 'FinanceTracker')
    cd /Users/davidwu/Documents/FinanceTracker
    

SwiftCompile normal arm64 /Users/davidwu/Documents/FinanceTracker/FinanceTracker/Models.swift (in target 'FinanceTracker' from project 'FinanceTracker')
    cd /Users/davidwu/Documents/FinanceTracker
    

SwiftCompile normal arm64 /Users/davidwu/Documents/FinanceTracker/FinanceTracker/OnboardingView.swift (in target 'FinanceTracker' from project 'FinanceTracker')
    cd /Users/davidwu/Documents/FinanceTracker
    

SwiftCompile normal arm64 Compiling\ WelcomeView.swift,\ BudgetEntity+CoreDataClass.swift,\ BudgetEntity+CoreDataProperties.swift,\ CategoryEntity+CoreDataClass.swift /Users/davidwu/Documents/FinanceTracker/FinanceTracker/WelcomeView.swift /Users/davidwu/Documents/FinanceTracker/build/Build/Intermediates.noindex/FinanceTracker.build/Debug-iphonesimulator/FinanceTracker.build/DerivedSources/CoreDataGenerated/FinanceTracker/BudgetEntity+CoreDataClass.swift /Users/davidwu/Documents/FinanceTracker/build/Build/Intermediates.noindex/FinanceTracker.build/Debug-iphonesimulator/FinanceTracker.build/DerivedSources/CoreDataGenerated/FinanceTracker/BudgetEntity+CoreDataProperties.swift /Users/davidwu/Documents/FinanceTracker/build/Build/Intermediates.noindex/FinanceTracker.build/Debug-iphonesimulator/FinanceTracker.build/DerivedSources/CoreDataGenerated/FinanceTracker/CategoryEntity+CoreDataClass.swift (in target 'FinanceTracker' from project 'FinanceTracker')

SwiftCompile normal arm64 /Users/davidwu/Documents/FinanceTracker/FinanceTracker/WelcomeView.swift (in target 'FinanceTracker' from project 'FinanceTracker')
    cd /Users/davidwu/Documents/FinanceTracker
    

SwiftCompile normal arm64 /Users/davidwu/Documents/FinanceTracker/build/Build/Intermediates.noindex/FinanceTracker.build/Debug-iphonesimulator/FinanceTracker.build/DerivedSources/CoreDataGenerated/FinanceTracker/BudgetEntity+CoreDataClass.swift (in target 'FinanceTracker' from project 'FinanceTracker')
    cd /Users/davidwu/Documents/FinanceTracker
    

SwiftCompile normal arm64 /Users/davidwu/Documents/FinanceTracker/build/Build/Intermediates.noindex/FinanceTracker.build/Debug-iphonesimulator/FinanceTracker.build/DerivedSources/CoreDataGenerated/FinanceTracker/BudgetEntity+CoreDataProperties.swift (in target 'FinanceTracker' from project 'FinanceTracker')
    cd /Users/davidwu/Documents/FinanceTracker
    

SwiftCompile normal arm64 /Users/davidwu/Documents/FinanceTracker/build/Build/Intermediates.noindex/FinanceTracker.build/Debug-iphonesimulator/FinanceTracker.build/DerivedSources/CoreDataGenerated/FinanceTracker/CategoryEntity+CoreDataClass.swift (in target 'FinanceTracker' from project 'FinanceTracker')
    cd /Users/davidwu/Documents/FinanceTracker
    

SwiftCompile normal arm64 Compiling\ AddBudgetView.swift,\ AddRecurringTransactionView.swift,\ AddSavingGoalView.swift,\ AddTransactionView.swift /Users/davidwu/Documents/FinanceTracker/FinanceTracker/AddBudgetView.swift /Users/davidwu/Documents/FinanceTracker/FinanceTracker/AddRecurringTransactionView.swift /Users/davidwu/Documents/FinanceTracker/FinanceTracker/AddSavingGoalView.swift /Users/davidwu/Documents/FinanceTracker/FinanceTracker/AddTransactionView.swift (in target 'FinanceTracker' from project 'FinanceTracker')
SwiftCompile normal arm64 /Users/davidwu/Documents/FinanceTracker/FinanceTracker/AddBudgetView.swift (in target 'FinanceTracker' from project 'FinanceTracker')
    cd /Users/davidwu/Documents/FinanceTracker
    

SwiftCompile normal arm64 /Users/davidwu/Documents/FinanceTracker/FinanceTracker/AddRecurringTransactionView.swift (in target 'FinanceTracker' from project 'FinanceTracker')
    cd /Users/davidwu/Documents/FinanceTracker
    

SwiftCompile normal arm64 /Users/davidwu/Documents/FinanceTracker/FinanceTracker/AddSavingGoalView.swift (in target 'FinanceTracker' from project 'FinanceTracker')
    cd /Users/davidwu/Documents/FinanceTracker
    

SwiftCompile normal arm64 /Users/davidwu/Documents/FinanceTracker/FinanceTracker/AddTransactionView.swift (in target 'FinanceTracker' from project 'FinanceTracker')
    cd /Users/davidwu/Documents/FinanceTracker
    

SwiftCompile normal arm64 Compiling\ SavingGoalEntity+CoreDataClass.swift,\ SavingGoalEntity+CoreDataProperties.swift,\ TransactionEntity+CoreDataClass.swift /Users/davidwu/Documents/FinanceTracker/build/Build/Intermediates.noindex/FinanceTracker.build/Debug-iphonesimulator/FinanceTracker.build/DerivedSources/CoreDataGenerated/FinanceTracker/SavingGoalEntity+CoreDataClass.swift /Users/davidwu/Documents/FinanceTracker/build/Build/Intermediates.noindex/FinanceTracker.build/Debug-iphonesimulator/FinanceTracker.build/DerivedSources/CoreDataGenerated/FinanceTracker/SavingGoalEntity+CoreDataProperties.swift /Users/davidwu/Documents/FinanceTracker/build/Build/Intermediates.noindex/FinanceTracker.build/Debug-iphonesimulator/FinanceTracker.build/DerivedSources/CoreDataGenerated/FinanceTracker/TransactionEntity+CoreDataClass.swift (in target 'FinanceTracker' from project 'FinanceTracker')

SwiftCompile normal arm64 /Users/davidwu/Documents/FinanceTracker/build/Build/Intermediates.noindex/FinanceTracker.build/Debug-iphonesimulator/FinanceTracker.build/DerivedSources/CoreDataGenerated/FinanceTracker/SavingGoalEntity+CoreDataClass.swift (in target 'FinanceTracker' from project 'FinanceTracker')
    cd /Users/davidwu/Documents/FinanceTracker
    

SwiftCompile normal arm64 /Users/davidwu/Documents/FinanceTracker/build/Build/Intermediates.noindex/FinanceTracker.build/Debug-iphonesimulator/FinanceTracker.build/DerivedSources/CoreDataGenerated/FinanceTracker/SavingGoalEntity+CoreDataProperties.swift (in target 'FinanceTracker' from project 'FinanceTracker')
    cd /Users/davidwu/Documents/FinanceTracker
    

SwiftCompile normal arm64 /Users/davidwu/Documents/FinanceTracker/build/Build/Intermediates.noindex/FinanceTracker.build/Debug-iphonesimulator/FinanceTracker.build/DerivedSources/CoreDataGenerated/FinanceTracker/TransactionEntity+CoreDataClass.swift (in target 'FinanceTracker' from project 'FinanceTracker')
    cd /Users/davidwu/Documents/FinanceTracker
    

SwiftCompile normal arm64 Compiling\ CalendarView.swift,\ Color+Extensions.swift,\ ContentView.swift,\ FinanceTrackerApp.swift /Users/davidwu/Documents/FinanceTracker/FinanceTracker/CalendarView.swift /Users/davidwu/Documents/FinanceTracker/FinanceTracker/Color+Extensions.swift /Users/davidwu/Documents/FinanceTracker/FinanceTracker/ContentView.swift /Users/davidwu/Documents/FinanceTracker/FinanceTracker/FinanceTrackerApp.swift (in target 'FinanceTracker' from project 'FinanceTracker')

SwiftCompile normal arm64 /Users/davidwu/Documents/FinanceTracker/FinanceTracker/CalendarView.swift (in target 'FinanceTracker' from project 'FinanceTracker')
    cd /Users/davidwu/Documents/FinanceTracker
    

SwiftCompile normal arm64 /Users/davidwu/Documents/FinanceTracker/FinanceTracker/Color+Extensions.swift (in target 'FinanceTracker' from project 'FinanceTracker')
    cd /Users/davidwu/Documents/FinanceTracker
    

SwiftCompile normal arm64 /Users/davidwu/Documents/FinanceTracker/FinanceTracker/ContentView.swift (in target 'FinanceTracker' from project 'FinanceTracker')
    cd /Users/davidwu/Documents/FinanceTracker
    

SwiftCompile normal arm64 /Users/davidwu/Documents/FinanceTracker/FinanceTracker/FinanceTrackerApp.swift (in target 'FinanceTracker' from project 'FinanceTracker')
    cd /Users/davidwu/Documents/FinanceTracker
    

SwiftCompile normal arm64 Compiling\ Persistence.swift,\ ProfileSubviews.swift,\ ProfileView.swift,\ WalletView.swift /Users/davidwu/Documents/FinanceTracker/FinanceTracker/Persistence.swift /Users/davidwu/Documents/FinanceTracker/FinanceTracker/ProfileSubviews.swift /Users/davidwu/Documents/FinanceTracker/FinanceTracker/ProfileView.swift /Users/davidwu/Documents/FinanceTracker/FinanceTracker/WalletView.swift (in target 'FinanceTracker' from project 'FinanceTracker')
SwiftCompile normal arm64 /Users/davidwu/Documents/FinanceTracker/FinanceTracker/Persistence.swift (in target 'FinanceTracker' from project 'FinanceTracker')
    cd /Users/davidwu/Documents/FinanceTracker
    

SwiftCompile normal arm64 /Users/davidwu/Documents/FinanceTracker/FinanceTracker/ProfileSubviews.swift (in target 'FinanceTracker' from project 'FinanceTracker')
    cd /Users/davidwu/Documents/FinanceTracker
    

SwiftCompile normal arm64 /Users/davidwu/Documents/FinanceTracker/FinanceTracker/ProfileView.swift (in target 'FinanceTracker' from project 'FinanceTracker')
    cd /Users/davidwu/Documents/FinanceTracker
    

SwiftCompile normal arm64 /Users/davidwu/Documents/FinanceTracker/FinanceTracker/WalletView.swift (in target 'FinanceTracker' from project 'FinanceTracker')
    cd /Users/davidwu/Documents/FinanceTracker
    

SwiftDriverJobDiscovery normal arm64 Compiling TransactionEntity+CoreDataProperties.swift, FinanceTracker+CoreDataModel.swift, GeneratedAssetSymbols.swift (in target 'FinanceTracker' from project 'FinanceTracker')

SwiftDriverJobDiscovery normal arm64 Compiling SavingGoalEntity+CoreDataClass.swift, SavingGoalEntity+CoreDataProperties.swift, TransactionEntity+CoreDataClass.swift (in target 'FinanceTracker' from project 'FinanceTracker')

SwiftDriverJobDiscovery normal arm64 Compiling CategoryEntity+CoreDataProperties.swift, RecurringTransactionEntity+CoreDataClass.swift, RecurringTransactionEntity+CoreDataProperties.swift (in target 'FinanceTracker' from project 'FinanceTracker')

SwiftDriverJobDiscovery normal arm64 Emitting module for FinanceTracker (in target 'FinanceTracker' from project 'FinanceTracker')

SwiftDriver\ Compilation\ Requirements FinanceTracker normal arm64 com.apple.xcode.tools.swift.compiler (in target 'FinanceTracker' from project 'FinanceTracker')
    cd /Users/davidwu/Documents/FinanceTracker
    builtin-Swift-Compilation-Requirements -- /Applications/Xcode.app/Contents/Developer/Toolchains/XcodeDefault.xctoolchain/usr/bin/swiftc -module-name FinanceTracker -Onone -enforce-exclusivity\=checked @/Users/davidwu/Documents/FinanceTracker/build/Build/Intermediates.noindex/FinanceTracker.build/Debug-iphonesimulator/FinanceTracker.build/Objects-normal/arm64/FinanceTracker.SwiftFileList -DDEBUG -default-isolation\=MainActor -enable-bare-slash-regex -enable-upcoming-feature DisableOutwardActorInference -enable-upcoming-feature InferSendableFromCaptures -enable-upcoming-feature GlobalActorIsolatedTypesUsability -enable-upcoming-feature MemberImportVisibility -enable-upcoming-feature InferIsolatedConformances -enable-upcoming-feature NonisolatedNonsendingByDefault -enable-experimental-feature DebugDescriptionMacro -sdk /Applications/Xcode.app/Contents/Developer/Platforms/iPhoneSimulator.platform/Developer/SDKs/iPhoneSimulator26.2.sdk -target arm64-apple-ios26.2-simulator -g -module-cache-path /Users/davidwu/Documents/FinanceTracker/build/ModuleCache.noindex -Xfrontend -serialize-debugging-options -profile-coverage-mapping -profile-generate -enable-testing -index-store-path /Users/davidwu/Documents/FinanceTracker/build/Index.noindex/DataStore -Xcc -D_LIBCPP_HARDENING_MODE\=_LIBCPP_HARDENING_MODE_DEBUG -swift-version 5 -I /Users/davidwu/Documents/FinanceTracker/build/Build/Products/Debug-iphonesimulator -F /Users/davidwu/Documents/FinanceTracker/build/Build/Products/Debug-iphonesimulator -emit-localized-strings -emit-localized-strings-path /Users/davidwu/Documents/FinanceTracker/build/Build/Intermediates.noindex/FinanceTracker.build/Debug-iphonesimulator/FinanceTracker.build/Objects-normal/arm64 -c -j8 -enable-batch-mode -incremental -Xcc -ivfsstatcache -Xcc /Users/davidwu/Documents/FinanceTracker/build/SDKStatCaches.noindex/iphonesimulator26.2-23C53-7d00a8b37fbd7999ea79df8ebc024bf0.sdkstatcache -output-file-map /Users/davidwu/Documents/FinanceTracker/build/Build/Intermediates.noindex/FinanceTracker.build/Debug-iphonesimulator/FinanceTracker.build/Objects-normal/arm64/FinanceTracker-OutputFileMap.json -use-frontend-parseable-output -save-temps -no-color-diagnostics -explicit-module-build -module-cache-path /Users/davidwu/Documents/FinanceTracker/build/Build/Intermediates.noindex/SwiftExplicitPrecompiledModules -clang-scanner-module-cache-path /Users/davidwu/Documents/FinanceTracker/build/ModuleCache.noindex -sdk-module-cache-path /Users/davidwu/Documents/FinanceTracker/build/ModuleCache.noindex -serialize-diagnostics -emit-dependencies -emit-module -emit-module-path /Users/davidwu/Documents/FinanceTracker/build/Build/Intermediates.noindex/FinanceTracker.build/Debug-iphonesimulator/FinanceTracker.build/Objects-normal/arm64/FinanceTracker.swiftmodule -validate-clang-modules-once -clang-build-session-file /Users/davidwu/Documents/FinanceTracker/build/ModuleCache.noindex/Session.modulevalidation -Xcc -I/Users/davidwu/Documents/FinanceTracker/build/Build/Intermediates.noindex/FinanceTracker.build/Debug-iphonesimulator/FinanceTracker.build/swift-overrides.hmap -emit-const-values -Xfrontend -const-gather-protocols-file -Xfrontend /Users/davidwu/Documents/FinanceTracker/build/Build/Intermediates.noindex/FinanceTracker.build/Debug-iphonesimulator/FinanceTracker.build/Objects-normal/arm64/FinanceTracker_const_extract_protocols.json -Xcc -iquote -Xcc /Users/davidwu/Documents/FinanceTracker/build/Build/Intermediates.noindex/FinanceTracker.build/Debug-iphonesimulator/FinanceTracker.build/FinanceTracker-generated-files.hmap -Xcc -I/Users/davidwu/Documents/FinanceTracker/build/Build/Intermediates.noindex/FinanceTracker.build/Debug-iphonesimulator/FinanceTracker.build/FinanceTracker-own-target-headers.hmap -Xcc -I/Users/davidwu/Documents/FinanceTracker/build/Build/Intermediates.noindex/FinanceTracker.build/Debug-iphonesimulator/FinanceTracker.build/FinanceTracker-all-target-headers.hmap -Xcc -iquote -Xcc /Users/davidwu/Documents/FinanceTracker/build/Build/Intermediates.noindex/FinanceTracker.build/Debug-iphonesimulator/FinanceTracker.build/FinanceTracker-project-headers.hmap -Xcc -I/Users/davidwu/Documents/FinanceTracker/build/Build/Products/Debug-iphonesimulator/include -Xcc -I/Users/davidwu/Documents/FinanceTracker/build/Build/Intermediates.noindex/FinanceTracker.build/Debug-iphonesimulator/FinanceTracker.build/DerivedSources-normal/arm64 -Xcc -I/Users/davidwu/Documents/FinanceTracker/build/Build/Intermediates.noindex/FinanceTracker.build/Debug-iphonesimulator/FinanceTracker.build/DerivedSources/arm64 -Xcc -I/Users/davidwu/Documents/FinanceTracker/build/Build/Intermediates.noindex/FinanceTracker.build/Debug-iphonesimulator/FinanceTracker.build/DerivedSources -Xcc -DDEBUG\=1 -emit-objc-header -emit-objc-header-path /Users/davidwu/Documents/FinanceTracker/build/Build/Intermediates.noindex/FinanceTracker.build/Debug-iphonesimulator/FinanceTracker.build/Objects-normal/arm64/FinanceTracker-Swift.h -working-directory /Users/davidwu/Documents/FinanceTracker -experimental-emit-module-separately -disable-cmo

SwiftMergeGeneratedHeaders /Users/davidwu/Documents/FinanceTracker/build/Build/Intermediates.noindex/FinanceTracker.build/Debug-iphonesimulator/FinanceTracker.build/DerivedSources/FinanceTracker-Swift.h /Users/davidwu/Documents/FinanceTracker/build/Build/Intermediates.noindex/FinanceTracker.build/Debug-iphonesimulator/FinanceTracker.build/Objects-normal/arm64/FinanceTracker-Swift.h (in target 'FinanceTracker' from project 'FinanceTracker')
    cd /Users/davidwu/Documents/FinanceTracker
    builtin-swiftHeaderTool -arch arm64 /Users/davidwu/Documents/FinanceTracker/build/Build/Intermediates.noindex/FinanceTracker.build/Debug-iphonesimulator/FinanceTracker.build/Objects-normal/arm64/FinanceTracker-Swift.h -o /Users/davidwu/Documents/FinanceTracker/build/Build/Intermediates.noindex/FinanceTracker.build/Debug-iphonesimulator/FinanceTracker.build/DerivedSources/FinanceTracker-Swift.h

Copy /Users/davidwu/Documents/FinanceTracker/build/Build/Products/Debug-iphonesimulator/FinanceTracker.swiftmodule/arm64-apple-ios-simulator.swiftmodule /Users/davidwu/Documents/FinanceTracker/build/Build/Intermediates.noindex/FinanceTracker.build/Debug-iphonesimulator/FinanceTracker.build/Objects-normal/arm64/FinanceTracker.swiftmodule (in target 'FinanceTracker' from project 'FinanceTracker')
    cd /Users/davidwu/Documents/FinanceTracker
    builtin-copy -exclude .DS_Store -exclude CVS -exclude .svn -exclude .git -exclude .hg -resolve-src-symlinks -rename /Users/davidwu/Documents/FinanceTracker/build/Build/Intermediates.noindex/FinanceTracker.build/Debug-iphonesimulator/FinanceTracker.build/Objects-normal/arm64/FinanceTracker.swiftmodule /Users/davidwu/Documents/FinanceTracker/build/Build/Products/Debug-iphonesimulator/FinanceTracker.swiftmodule/arm64-apple-ios-simulator.swiftmodule

Copy /Users/davidwu/Documents/FinanceTracker/build/Build/Products/Debug-iphonesimulator/FinanceTracker.swiftmodule/arm64-apple-ios-simulator.swiftdoc /Users/davidwu/Documents/FinanceTracker/build/Build/Intermediates.noindex/FinanceTracker.build/Debug-iphonesimulator/FinanceTracker.build/Objects-normal/arm64/FinanceTracker.swiftdoc (in target 'FinanceTracker' from project 'FinanceTracker')
    cd /Users/davidwu/Documents/FinanceTracker
    builtin-copy -exclude .DS_Store -exclude CVS -exclude .svn -exclude .git -exclude .hg -resolve-src-symlinks -rename /Users/davidwu/Documents/FinanceTracker/build/Build/Intermediates.noindex/FinanceTracker.build/Debug-iphonesimulator/FinanceTracker.build/Objects-normal/arm64/FinanceTracker.swiftdoc /Users/davidwu/Documents/FinanceTracker/build/Build/Products/Debug-iphonesimulator/FinanceTracker.swiftmodule/arm64-apple-ios-simulator.swiftdoc

Copy /Users/davidwu/Documents/FinanceTracker/build/Build/Products/Debug-iphonesimulator/FinanceTracker.swiftmodule/arm64-apple-ios-simulator.abi.json /Users/davidwu/Documents/FinanceTracker/build/Build/Intermediates.noindex/FinanceTracker.build/Debug-iphonesimulator/FinanceTracker.build/Objects-normal/arm64/FinanceTracker.abi.json (in target 'FinanceTracker' from project 'FinanceTracker')
    cd /Users/davidwu/Documents/FinanceTracker
    builtin-copy -exclude .DS_Store -exclude CVS -exclude .svn -exclude .git -exclude .hg -resolve-src-symlinks -rename /Users/davidwu/Documents/FinanceTracker/build/Build/Intermediates.noindex/FinanceTracker.build/Debug-iphonesimulator/FinanceTracker.build/Objects-normal/arm64/FinanceTracker.abi.json /Users/davidwu/Documents/FinanceTracker/build/Build/Products/Debug-iphonesimulator/FinanceTracker.swiftmodule/arm64-apple-ios-simulator.abi.json

Copy /Users/davidwu/Documents/FinanceTracker/build/Build/Products/Debug-iphonesimulator/FinanceTracker.swiftmodule/Project/arm64-apple-ios-simulator.swiftsourceinfo /Users/davidwu/Documents/FinanceTracker/build/Build/Intermediates.noindex/FinanceTracker.build/Debug-iphonesimulator/FinanceTracker.build/Objects-normal/arm64/FinanceTracker.swiftsourceinfo (in target 'FinanceTracker' from project 'FinanceTracker')
    cd /Users/davidwu/Documents/FinanceTracker
    builtin-copy -exclude .DS_Store -exclude CVS -exclude .svn -exclude .git -exclude .hg -resolve-src-symlinks -rename /Users/davidwu/Documents/FinanceTracker/build/Build/Intermediates.noindex/FinanceTracker.build/Debug-iphonesimulator/FinanceTracker.build/Objects-normal/arm64/FinanceTracker.swiftsourceinfo /Users/davidwu/Documents/FinanceTracker/build/Build/Products/Debug-iphonesimulator/FinanceTracker.swiftmodule/Project/arm64-apple-ios-simulator.swiftsourceinfo

SwiftDriverJobDiscovery normal arm64 Compiling WelcomeView.swift, BudgetEntity+CoreDataClass.swift, BudgetEntity+CoreDataProperties.swift, CategoryEntity+CoreDataClass.swift (in target 'FinanceTracker' from project 'FinanceTracker')

ProcessInfoPlistFile /Users/davidwu/Documents/FinanceTracker/build/Build/Products/Debug-iphonesimulator/FinanceTracker.app/Info.plist /Users/davidwu/Documents/FinanceTracker/FinanceTracker/Info.plist (in target 'FinanceTracker' from project 'FinanceTracker')
    cd /Users/davidwu/Documents/FinanceTracker
    builtin-infoPlistUtility /Users/davidwu/Documents/FinanceTracker/FinanceTracker/Info.plist -producttype com.apple.product-type.application -genpkginfo /Users/davidwu/Documents/FinanceTracker/build/Build/Products/Debug-iphonesimulator/FinanceTracker.app/PkgInfo -expandbuildsettings -format binary -platform iphonesimulator -additionalcontentfile /Users/davidwu/Documents/FinanceTracker/build/Build/Intermediates.noindex/FinanceTracker.build/Debug-iphonesimulator/FinanceTracker.build/Base.lproj/LaunchScreen-SBPartialInfo.plist -additionalcontentfile /Users/davidwu/Documents/FinanceTracker/build/Build/Intermediates.noindex/FinanceTracker.build/Debug-iphonesimulator/FinanceTracker.build/assetcatalog_generated_info.plist -o /Users/davidwu/Documents/FinanceTracker/build/Build/Products/Debug-iphonesimulator/FinanceTracker.app/Info.plist

LinkStoryboards (in target 'FinanceTracker' from project 'FinanceTracker')
    cd /Users/davidwu/Documents/FinanceTracker
    /Applications/Xcode.app/Contents/Developer/usr/bin/ibtool --errors --warnings --notices --module FinanceTracker --target-device iphone --target-device ipad --minimum-deployment-target 26.2 --output-format human-readable-text --link /Users/davidwu/Documents/FinanceTracker/build/Build/Products/Debug-iphonesimulator/FinanceTracker.app /Users/davidwu/Documents/FinanceTracker/build/Build/Intermediates.noindex/FinanceTracker.build/Debug-iphonesimulator/FinanceTracker.build/Base.lproj/LaunchScreen.storyboardc

SwiftDriverJobDiscovery normal arm64 Compiling CalendarView.swift, Color+Extensions.swift, ContentView.swift, FinanceTrackerApp.swift (in target 'FinanceTracker' from project 'FinanceTracker')

SwiftDriverJobDiscovery normal arm64 Compiling HomeView.swift, LoginView.swift, Models.swift, OnboardingView.swift (in target 'FinanceTracker' from project 'FinanceTracker')

SwiftDriverJobDiscovery normal arm64 Compiling AddBudgetView.swift, AddRecurringTransactionView.swift, AddSavingGoalView.swift, AddTransactionView.swift (in target 'FinanceTracker' from project 'FinanceTracker')

SwiftDriverJobDiscovery normal arm64 Compiling Persistence.swift, ProfileSubviews.swift, ProfileView.swift, WalletView.swift (in target 'FinanceTracker' from project 'FinanceTracker')

SwiftDriver\ Compilation FinanceTracker normal arm64 com.apple.xcode.tools.swift.compiler (in target 'FinanceTracker' from project 'FinanceTracker')
    cd /Users/davidwu/Documents/FinanceTracker
    builtin-Swift-Compilation -- /Applications/Xcode.app/Contents/Developer/Toolchains/XcodeDefault.xctoolchain/usr/bin/swiftc -module-name FinanceTracker -Onone -enforce-exclusivity\=checked @/Users/davidwu/Documents/FinanceTracker/build/Build/Intermediates.noindex/FinanceTracker.build/Debug-iphonesimulator/FinanceTracker.build/Objects-normal/arm64/FinanceTracker.SwiftFileList -DDEBUG -default-isolation\=MainActor -enable-bare-slash-regex -enable-upcoming-feature DisableOutwardActorInference -enable-upcoming-feature InferSendableFromCaptures -enable-upcoming-feature GlobalActorIsolatedTypesUsability -enable-upcoming-feature MemberImportVisibility -enable-upcoming-feature InferIsolatedConformances -enable-upcoming-feature NonisolatedNonsendingByDefault -enable-experimental-feature DebugDescriptionMacro -sdk /Applications/Xcode.app/Contents/Developer/Platforms/iPhoneSimulator.platform/Developer/SDKs/iPhoneSimulator26.2.sdk -target arm64-apple-ios26.2-simulator -g -module-cache-path /Users/davidwu/Documents/FinanceTracker/build/ModuleCache.noindex -Xfrontend -serialize-debugging-options -profile-coverage-mapping -profile-generate -enable-testing -index-store-path /Users/davidwu/Documents/FinanceTracker/build/Index.noindex/DataStore -Xcc -D_LIBCPP_HARDENING_MODE\=_LIBCPP_HARDENING_MODE_DEBUG -swift-version 5 -I /Users/davidwu/Documents/FinanceTracker/build/Build/Products/Debug-iphonesimulator -F /Users/davidwu/Documents/FinanceTracker/build/Build/Products/Debug-iphonesimulator -emit-localized-strings -emit-localized-strings-path /Users/davidwu/Documents/FinanceTracker/build/Build/Intermediates.noindex/FinanceTracker.build/Debug-iphonesimulator/FinanceTracker.build/Objects-normal/arm64 -c -j8 -enable-batch-mode -incremental -Xcc -ivfsstatcache -Xcc /Users/davidwu/Documents/FinanceTracker/build/SDKStatCaches.noindex/iphonesimulator26.2-23C53-7d00a8b37fbd7999ea79df8ebc024bf0.sdkstatcache -output-file-map /Users/davidwu/Documents/FinanceTracker/build/Build/Intermediates.noindex/FinanceTracker.build/Debug-iphonesimulator/FinanceTracker.build/Objects-normal/arm64/FinanceTracker-OutputFileMap.json -use-frontend-parseable-output -save-temps -no-color-diagnostics -explicit-module-build -module-cache-path /Users/davidwu/Documents/FinanceTracker/build/Build/Intermediates.noindex/SwiftExplicitPrecompiledModules -clang-scanner-module-cache-path /Users/davidwu/Documents/FinanceTracker/build/ModuleCache.noindex -sdk-module-cache-path /Users/davidwu/Documents/FinanceTracker/build/ModuleCache.noindex -serialize-diagnostics -emit-dependencies -emit-module -emit-module-path /Users/davidwu/Documents/FinanceTracker/build/Build/Intermediates.noindex/FinanceTracker.build/Debug-iphonesimulator/FinanceTracker.build/Objects-normal/arm64/FinanceTracker.swiftmodule -validate-clang-modules-once -clang-build-session-file /Users/davidwu/Documents/FinanceTracker/build/ModuleCache.noindex/Session.modulevalidation -Xcc -I/Users/davidwu/Documents/FinanceTracker/build/Build/Intermediates.noindex/FinanceTracker.build/Debug-iphonesimulator/FinanceTracker.build/swift-overrides.hmap -emit-const-values -Xfrontend -const-gather-protocols-file -Xfrontend /Users/davidwu/Documents/FinanceTracker/build/Build/Intermediates.noindex/FinanceTracker.build/Debug-iphonesimulator/FinanceTracker.build/Objects-normal/arm64/FinanceTracker_const_extract_protocols.json -Xcc -iquote -Xcc /Users/davidwu/Documents/FinanceTracker/build/Build/Intermediates.noindex/FinanceTracker.build/Debug-iphonesimulator/FinanceTracker.build/FinanceTracker-generated-files.hmap -Xcc -I/Users/davidwu/Documents/FinanceTracker/build/Build/Intermediates.noindex/FinanceTracker.build/Debug-iphonesimulator/FinanceTracker.build/FinanceTracker-own-target-headers.hmap -Xcc -I/Users/davidwu/Documents/FinanceTracker/build/Build/Intermediates.noindex/FinanceTracker.build/Debug-iphonesimulator/FinanceTracker.build/FinanceTracker-all-target-headers.hmap -Xcc -iquote -Xcc /Users/davidwu/Documents/FinanceTracker/build/Build/Intermediates.noindex/FinanceTracker.build/Debug-iphonesimulator/FinanceTracker.build/FinanceTracker-project-headers.hmap -Xcc -I/Users/davidwu/Documents/FinanceTracker/build/Build/Products/Debug-iphonesimulator/include -Xcc -I/Users/davidwu/Documents/FinanceTracker/build/Build/Intermediates.noindex/FinanceTracker.build/Debug-iphonesimulator/FinanceTracker.build/DerivedSources-normal/arm64 -Xcc -I/Users/davidwu/Documents/FinanceTracker/build/Build/Intermediates.noindex/FinanceTracker.build/Debug-iphonesimulator/FinanceTracker.build/DerivedSources/arm64 -Xcc -I/Users/davidwu/Documents/FinanceTracker/build/Build/Intermediates.noindex/FinanceTracker.build/Debug-iphonesimulator/FinanceTracker.build/DerivedSources -Xcc -DDEBUG\=1 -emit-objc-header -emit-objc-header-path /Users/davidwu/Documents/FinanceTracker/build/Build/Intermediates.noindex/FinanceTracker.build/Debug-iphonesimulator/FinanceTracker.build/Objects-normal/arm64/FinanceTracker-Swift.h -working-directory /Users/davidwu/Documents/FinanceTracker -experimental-emit-module-separately -disable-cmo

Ld /Users/davidwu/Documents/FinanceTracker/build/Build/Products/Debug-iphonesimulator/FinanceTracker.app/FinanceTracker.debug.dylib normal (in target 'FinanceTracker' from project 'FinanceTracker')
    cd /Users/davidwu/Documents/FinanceTracker
    /Applications/Xcode.app/Contents/Developer/Toolchains/XcodeDefault.xctoolchain/usr/bin/clang -Xlinker -reproducible -target arm64-apple-ios26.2-simulator -dynamiclib -isysroot /Applications/Xcode.app/Contents/Developer/Platforms/iPhoneSimulator.platform/Developer/SDKs/iPhoneSimulator26.2.sdk -O0 -L/Users/davidwu/Documents/FinanceTracker/build/Build/Intermediates.noindex/EagerLinkingTBDs/Debug-iphonesimulator -L/Users/davidwu/Documents/FinanceTracker/build/Build/Products/Debug-iphonesimulator -F/Users/davidwu/Documents/FinanceTracker/build/Build/Intermediates.noindex/EagerLinkingTBDs/Debug-iphonesimulator -F/Users/davidwu/Documents/FinanceTracker/build/Build/Products/Debug-iphonesimulator -filelist /Users/davidwu/Documents/FinanceTracker/build/Build/Intermediates.noindex/FinanceTracker.build/Debug-iphonesimulator/FinanceTracker.build/Objects-normal/arm64/FinanceTracker.LinkFileList -install_name @rpath/FinanceTracker.debug.dylib -Xlinker -rpath -Xlinker @executable_path/Frameworks -dead_strip -Xlinker -object_path_lto -Xlinker /Users/davidwu/Documents/FinanceTracker/build/Build/Intermediates.noindex/FinanceTracker.build/Debug-iphonesimulator/FinanceTracker.build/Objects-normal/arm64/FinanceTracker_lto.o -rdynamic -Xlinker -no_deduplicate -Xlinker -objc_abi_version -Xlinker 2 -Xlinker -debug_variant -Xlinker -dependency_info -Xlinker /Users/davidwu/Documents/FinanceTracker/build/Build/Intermediates.noindex/FinanceTracker.build/Debug-iphonesimulator/FinanceTracker.build/Objects-normal/arm64/FinanceTracker_dependency_info.dat -fobjc-link-runtime -fprofile-instr-generate -L/Applications/Xcode.app/Contents/Developer/Toolchains/XcodeDefault.xctoolchain/usr/lib/swift/iphonesimulator -L/usr/lib/swift -Xlinker -add_ast_path -Xlinker /Users/davidwu/Documents/FinanceTracker/build/Build/Intermediates.noindex/FinanceTracker.build/Debug-iphonesimulator/FinanceTracker.build/Objects-normal/arm64/FinanceTracker.swiftmodule @/Users/davidwu/Documents/FinanceTracker/build/Build/Intermediates.noindex/FinanceTracker.build/Debug-iphonesimulator/FinanceTracker.build/Objects-normal/arm64/FinanceTracker-linker-args.resp -Xlinker -alias -Xlinker _main -Xlinker ___debug_main_executable_dylib_entry_point -Xlinker -no_adhoc_codesign -o /Users/davidwu/Documents/FinanceTracker/build/Build/Products/Debug-iphonesimulator/FinanceTracker.app/FinanceTracker.debug.dylib

ConstructStubExecutorLinkFileList /Users/davidwu/Documents/FinanceTracker/build/Build/Intermediates.noindex/FinanceTracker.build/Debug-iphonesimulator/FinanceTracker.build/FinanceTracker-ExecutorLinkFileList-normal-arm64.txt (in target 'FinanceTracker' from project 'FinanceTracker')
    cd /Users/davidwu/Documents/FinanceTracker
    construct-stub-executor-link-file-list /Users/davidwu/Documents/FinanceTracker/build/Build/Products/Debug-iphonesimulator/FinanceTracker.app/FinanceTracker.debug.dylib /Applications/Xcode.app/Contents/Developer/Platforms/iPhoneSimulator.platform/Developer/usr/lib/libPreviewsJITStubExecutor_no_swift_entry_point.a /Applications/Xcode.app/Contents/Developer/Platforms/iPhoneSimulator.platform/Developer/usr/lib/libPreviewsJITStubExecutor.a --output /Users/davidwu/Documents/FinanceTracker/build/Build/Intermediates.noindex/FinanceTracker.build/Debug-iphonesimulator/FinanceTracker.build/FinanceTracker-ExecutorLinkFileList-normal-arm64.txt
note: Using stub executor library with Swift entry point. (in target 'FinanceTracker' from project 'FinanceTracker')

Ld /Users/davidwu/Documents/FinanceTracker/build/Build/Products/Debug-iphonesimulator/FinanceTracker.app/FinanceTracker normal (in target 'FinanceTracker' from project 'FinanceTracker')
    cd /Users/davidwu/Documents/FinanceTracker
    /Applications/Xcode.app/Contents/Developer/Toolchains/XcodeDefault.xctoolchain/usr/bin/clang -Xlinker -reproducible -target arm64-apple-ios26.2-simulator -isysroot /Applications/Xcode.app/Contents/Developer/Platforms/iPhoneSimulator.platform/Developer/SDKs/iPhoneSimulator26.2.sdk -O0 -L/Users/davidwu/Documents/FinanceTracker/build/Build/Products/Debug-iphonesimulator -F/Users/davidwu/Documents/FinanceTracker/build/Build/Products/Debug-iphonesimulator -Xlinker -rpath -Xlinker @executable_path -Xlinker -rpath -Xlinker @executable_path/Frameworks -rdynamic -Xlinker -no_deduplicate -Xlinker -objc_abi_version -Xlinker 2 -Xlinker -debug_variant -e ___debug_blank_executor_main -Xlinker -sectcreate -Xlinker __TEXT -Xlinker __debug_dylib -Xlinker /Users/davidwu/Documents/FinanceTracker/build/Build/Intermediates.noindex/FinanceTracker.build/Debug-iphonesimulator/FinanceTracker.build/FinanceTracker-DebugDylibPath-normal-arm64.txt -Xlinker -sectcreate -Xlinker __TEXT -Xlinker __debug_instlnm -Xlinker /Users/davidwu/Documents/FinanceTracker/build/Build/Intermediates.noindex/FinanceTracker.build/Debug-iphonesimulator/FinanceTracker.build/FinanceTracker-DebugDylibInstallName-normal-arm64.txt -Xlinker -filelist -Xlinker /Users/davidwu/Documents/FinanceTracker/build/Build/Intermediates.noindex/FinanceTracker.build/Debug-iphonesimulator/FinanceTracker.build/FinanceTracker-ExecutorLinkFileList-normal-arm64.txt -Xlinker -sectcreate -Xlinker __TEXT -Xlinker __entitlements -Xlinker /Users/davidwu/Documents/FinanceTracker/build/Build/Intermediates.noindex/FinanceTracker.build/Debug-iphonesimulator/FinanceTracker.build/FinanceTracker.app-Simulated.xcent -Xlinker -sectcreate -Xlinker __TEXT -Xlinker __ents_der -Xlinker /Users/davidwu/Documents/FinanceTracker/build/Build/Intermediates.noindex/FinanceTracker.build/Debug-iphonesimulator/FinanceTracker.build/FinanceTracker.app-Simulated.xcent.der /Users/davidwu/Documents/FinanceTracker/build/Build/Products/Debug-iphonesimulator/FinanceTracker.app/FinanceTracker.debug.dylib -Xlinker -no_adhoc_codesign -o /Users/davidwu/Documents/FinanceTracker/build/Build/Products/Debug-iphonesimulator/FinanceTracker.app/FinanceTracker

CopySwiftLibs /Users/davidwu/Documents/FinanceTracker/build/Build/Products/Debug-iphonesimulator/FinanceTracker.app (in target 'FinanceTracker' from project 'FinanceTracker')
    cd /Users/davidwu/Documents/FinanceTracker
    builtin-swiftStdLibTool --copy --verbose --sign - --scan-executable /Users/davidwu/Documents/FinanceTracker/build/Build/Products/Debug-iphonesimulator/FinanceTracker.app/FinanceTracker.debug.dylib --scan-folder /Users/davidwu/Documents/FinanceTracker/build/Build/Products/Debug-iphonesimulator/FinanceTracker.app/Frameworks --scan-folder /Users/davidwu/Documents/FinanceTracker/build/Build/Products/Debug-iphonesimulator/FinanceTracker.app/PlugIns --scan-folder /Users/davidwu/Documents/FinanceTracker/build/Build/Products/Debug-iphonesimulator/FinanceTracker.app/SystemExtensions --scan-folder /Users/davidwu/Documents/FinanceTracker/build/Build/Products/Debug-iphonesimulator/FinanceTracker.app/Extensions --platform iphonesimulator --toolchain /Applications/Xcode.app/Contents/Developer/Toolchains/XcodeDefault.xctoolchain --destination /Users/davidwu/Documents/FinanceTracker/build/Build/Products/Debug-iphonesimulator/FinanceTracker.app/Frameworks --strip-bitcode --strip-bitcode-tool /Applications/Xcode.app/Contents/Developer/Toolchains/XcodeDefault.xctoolchain/usr/bin/bitcode_strip --emit-dependency-info /Users/davidwu/Documents/FinanceTracker/build/Build/Intermediates.noindex/FinanceTracker.build/Debug-iphonesimulator/FinanceTracker.build/SwiftStdLibToolInputDependencies.dep --filter-for-swift-os

ExtractAppIntentsMetadata (in target 'FinanceTracker' from project 'FinanceTracker')
    cd /Users/davidwu/Documents/FinanceTracker
    /Applications/Xcode.app/Contents/Developer/Toolchains/XcodeDefault.xctoolchain/usr/bin/appintentsmetadataprocessor --toolchain-dir /Applications/Xcode.app/Contents/Developer/Toolchains/XcodeDefault.xctoolchain --module-name FinanceTracker --sdk-root /Applications/Xcode.app/Contents/Developer/Platforms/iPhoneSimulator.platform/Developer/SDKs/iPhoneSimulator26.2.sdk --xcode-version 17C52 --platform-family iOS --deployment-target 26.2 --bundle-identifier com.wu.FinanceTracker --output /Users/davidwu/Documents/FinanceTracker/build/Build/Products/Debug-iphonesimulator/FinanceTracker.app --target-triple arm64-apple-ios26.2-simulator --binary-file /Users/davidwu/Documents/FinanceTracker/build/Build/Products/Debug-iphonesimulator/FinanceTracker.app/FinanceTracker --dependency-file /Users/davidwu/Documents/FinanceTracker/build/Build/Intermediates.noindex/FinanceTracker.build/Debug-iphonesimulator/FinanceTracker.build/Objects-normal/arm64/FinanceTracker_dependency_info.dat --stringsdata-file /Users/davidwu/Documents/FinanceTracker/build/Build/Intermediates.noindex/FinanceTracker.build/Debug-iphonesimulator/FinanceTracker.build/Objects-normal/arm64/ExtractedAppShortcutsMetadata.stringsdata --source-file-list /Users/davidwu/Documents/FinanceTracker/build/Build/Intermediates.noindex/FinanceTracker.build/Debug-iphonesimulator/FinanceTracker.build/Objects-normal/arm64/FinanceTracker.SwiftFileList --metadata-file-list /Users/davidwu/Documents/FinanceTracker/build/Build/Intermediates.noindex/FinanceTracker.build/Debug-iphonesimulator/FinanceTracker.build/FinanceTracker.DependencyMetadataFileList --static-metadata-file-list /Users/davidwu/Documents/FinanceTracker/build/Build/Intermediates.noindex/FinanceTracker.build/Debug-iphonesimulator/FinanceTracker.build/FinanceTracker.DependencyStaticMetadataFileList --swift-const-vals-list /Users/davidwu/Documents/FinanceTracker/build/Build/Intermediates.noindex/FinanceTracker.build/Debug-iphonesimulator/FinanceTracker.build/Objects-normal/arm64/FinanceTracker.SwiftConstValuesFileList --compile-time-extraction --deployment-aware-processing --validate-assistant-intents --no-app-shortcuts-localization
2025-12-16 02:55:49.602 appintentsmetadataprocessor[14561:262609] Starting appintentsmetadataprocessor export
2025-12-16 02:55:49.605 appintentsmetadataprocessor[14561:262609] warning: Metadata extraction skipped. No AppIntents.framework dependency found.

AppIntentsSSUTraining (in target 'FinanceTracker' from project 'FinanceTracker')
    cd /Users/davidwu/Documents/FinanceTracker
    /Applications/Xcode.app/Contents/Developer/Toolchains/XcodeDefault.xctoolchain/usr/bin/appintentsnltrainingprocessor --infoplist-path /Users/davidwu/Documents/FinanceTracker/build/Build/Products/Debug-iphonesimulator/FinanceTracker.app/Info.plist --temp-dir-path /Users/davidwu/Documents/FinanceTracker/build/Build/Intermediates.noindex/FinanceTracker.build/Debug-iphonesimulator/FinanceTracker.build/ssu --bundle-id com.wu.FinanceTracker --product-path /Users/davidwu/Documents/FinanceTracker/build/Build/Products/Debug-iphonesimulator/FinanceTracker.app --extracted-metadata-path /Users/davidwu/Documents/FinanceTracker/build/Build/Products/Debug-iphonesimulator/FinanceTracker.app/Metadata.appintents --metadata-file-list /Users/davidwu/Documents/FinanceTracker/build/Build/Intermediates.noindex/FinanceTracker.build/Debug-iphonesimulator/FinanceTracker.build/FinanceTracker.DependencyMetadataFileList --archive-ssu-assets
2025-12-16 02:55:49.631 appintentsnltrainingprocessor[14565:262623] Parsing options for appintentsnltrainingprocessor
2025-12-16 02:55:49.631 appintentsnltrainingprocessor[14565:262623] No AppShortcuts found - Skipping.

CodeSign /Users/davidwu/Documents/FinanceTracker/build/Build/Products/Debug-iphonesimulator/FinanceTracker.app/FinanceTracker.debug.dylib (in target 'FinanceTracker' from project 'FinanceTracker')
    cd /Users/davidwu/Documents/FinanceTracker
    
    Signing Identity:     "Sign to Run Locally"
    
    /usr/bin/codesign --force --sign - --timestamp\=none --generate-entitlement-der /Users/davidwu/Documents/FinanceTracker/build/Build/Products/Debug-iphonesimulator/FinanceTracker.app/FinanceTracker.debug.dylib

CodeSign /Users/davidwu/Documents/FinanceTracker/build/Build/Products/Debug-iphonesimulator/FinanceTracker.app/__preview.dylib (in target 'FinanceTracker' from project 'FinanceTracker')
    cd /Users/davidwu/Documents/FinanceTracker
    
    Signing Identity:     "Sign to Run Locally"
    
    /usr/bin/codesign --force --sign - --timestamp\=none --generate-entitlement-der /Users/davidwu/Documents/FinanceTracker/build/Build/Products/Debug-iphonesimulator/FinanceTracker.app/__preview.dylib

CodeSign /Users/davidwu/Documents/FinanceTracker/build/Build/Products/Debug-iphonesimulator/FinanceTracker.app (in target 'FinanceTracker' from project 'FinanceTracker')
    cd /Users/davidwu/Documents/FinanceTracker
    
    Signing Identity:     "Sign to Run Locally"
    
    /usr/bin/codesign --force --sign - --timestamp\=none --generate-entitlement-der /Users/davidwu/Documents/FinanceTracker/build/Build/Products/Debug-iphonesimulator/FinanceTracker.app

RegisterExecutionPolicyException /Users/davidwu/Documents/FinanceTracker/build/Build/Products/Debug-iphonesimulator/FinanceTracker.app (in target 'FinanceTracker' from project 'FinanceTracker')
    cd /Users/davidwu/Documents/FinanceTracker
    builtin-RegisterExecutionPolicyException /Users/davidwu/Documents/FinanceTracker/build/Build/Products/Debug-iphonesimulator/FinanceTracker.app

Validate /Users/davidwu/Documents/FinanceTracker/build/Build/Products/Debug-iphonesimulator/FinanceTracker.app (in target 'FinanceTracker' from project 'FinanceTracker')
    cd /Users/davidwu/Documents/FinanceTracker
    builtin-validationUtility /Users/davidwu/Documents/FinanceTracker/build/Build/Products/Debug-iphonesimulator/FinanceTracker.app -shallow-bundle -infoplist-subpath Info.plist

Touch /Users/davidwu/Documents/FinanceTracker/build/Build/Products/Debug-iphonesimulator/FinanceTracker.app (in target 'FinanceTracker' from project 'FinanceTracker')
    cd /Users/davidwu/Documents/FinanceTracker
    /usr/bin/touch -c /Users/davidwu/Documents/FinanceTracker/build/Build/Products/Debug-iphonesimulator/FinanceTracker.app

** BUILD SUCCEEDED **

